<?xml version="1.0" encoding="UTF-8"?>
<testsuite xmlns:xsi="http://www.w3.org/2001/XMLSchema-instance" xsi:noNamespaceSchemaLocation="https://maven.apache.org/surefire/maven-surefire-plugin/xsd/surefire-test-report.xsd" name="runners.SmokeRunner" time="83.615" tests="67" errors="0" skipped="0" failures="0">
  <properties>
[...]
</properties>
  <testcase name="Given User navigates to Digital Bank login page" classname="Scenario: As a user, I want to be able to view all details of my account home page" time="0.008"/>
  <testcase name="And User logs in with following credentials" classname="Scenario: As a user, I want to be able to view all details of my account home page" time="0"/>
  <testcase name="When User should successfully be logged in to home page" classname="Scenario: As a user, I want to be able to view all details of my account home page" time="0"/>
  <testcase name="Then Verify that &quot;Welcome QA&quot; welcoming message is displayed" classname="Scenario: As a user, I want to be able to view all details of my account home page" time="0.001"/>
  <testcase name="Then Verify that home page panel with account info is displayed" classname="Scenario: As a user, I want to be able to view all details of my account home page" time="0"/>
  <testcase name="Scenario: As a user, I want to be able to view all details of my account home page" classname="Scenario: As a user, I want to be able to view all details of my account home page" time="1.705"/>
  <testcase name="Given User navigates to Digital Bank login page" classname="Scenario: As a user, I want to successfully login with valid credentials" time="0.004"/>
  <testcase name="When User logs in with following credentials" classname="Scenario: As a user, I want to successfully login with valid credentials" time="0"/>
  <testcase name="Then User should successfully be logged in to home page" classname="Scenario: As a user, I want to successfully login with valid credentials" time="0"/>
  <testcase name="Scenario: As a user, I want to successfully login with valid credentials" classname="Scenario: As a user, I want to successfully login with valid credentials" time="1.397"/>
  <testcase name="Given User navigates to Digital Bank login page" classname="Scenario: Submitting deposit without account" time="0"/>
  <testcase name="And Verify that web title is &quot;Digital Bank&quot;" classname="Scenario: Submitting deposit without account" time="0"/>
  <testcase name="When User logs in with &quot;qa6@gmail.com&quot; and &quot;Passwordvalid45&quot;" classname="Scenario: Submitting deposit without account" time="0.001"/>
  <testcase name="Then User successfully logged in to home page" classname="Scenario: Submitting deposit without account" time="0"/>
  <testcase name="Given User navigates to Deposit page" classname="Scenario: Submitting deposit without account" time="0"/>
  <testcase name="When User submits a deposit with the following info" classname="Scenario: Submitting deposit without account" time="0"/>
  <testcase name="Then Verify field error message &quot;Please select an item in the list.&quot; is displayed" classname="Scenario: Submitting deposit without account" time="0"/>
  <testcase name="Scenario: Submitting deposit without account" classname="Scenario: Submitting deposit without account" time="1.13"/>
  <testcase name="Given User navigates to Digital Bank login page" classname="Scenario: Submitting deposit without deposit" time="0.001"/>
  <testcase name="And Verify that web title is &quot;Digital Bank&quot;" classname="Scenario: Submitting deposit without deposit" time="0"/>
  <testcase name="When User logs in with &quot;qa6@gmail.com&quot; and &quot;Passwordvalid45&quot;" classname="Scenario: Submitting deposit without deposit" time="0"/>
  <testcase name="Then User successfully logged in to home page" classname="Scenario: Submitting deposit without deposit" time="0"/>
  <testcase name="Given User navigates to Deposit page" classname="Scenario: Submitting deposit without deposit" time="0"/>
  <testcase name="When User submits a deposit with the following info" classname="Scenario: Submitting deposit without deposit" time="0"/>
  <testcase name="Then Verify field error message &quot;Please fill out this field.&quot; is displayed" classname="Scenario: Submitting deposit without deposit" time="0"/>
  <testcase name="Scenario: Submitting deposit without deposit" classname="Scenario: Submitting deposit without deposit" time="1.053"/>
  <testcase name="Given User navigates to Digital Bank login page" classname="Scenario: Submitting deposit with zero deposit amount" time="0"/>
  <testcase name="And Verify that web title is &quot;Digital Bank&quot;" classname="Scenario: Submitting deposit with zero deposit amount" time="0"/>
  <testcase name="When User logs in with &quot;qa6@gmail.com&quot; and &quot;Passwordvalid45&quot;" classname="Scenario: Submitting deposit with zero deposit amount" time="0"/>
  <testcase name="Then User successfully logged in to home page" classname="Scenario: Submitting deposit with zero deposit amount" time="0"/>
  <testcase name="Given User navigates to Deposit page" classname="Scenario: Submitting deposit with zero deposit amount" time="0"/>
  <testcase name="When User submits a deposit with the following info" classname="Scenario: Submitting deposit with zero deposit amount" time="0"/>
  <testcase name="Then Verify alert error message &quot;Error The deposit amount ($0.00) must be greater than $0.00&quot; is displayed" classname="Scenario: Submitting deposit with zero deposit amount" time="0"/>
  <testcase name="Scenario: Submitting deposit with zero deposit amount" classname="Scenario: Submitting deposit with zero deposit amount" time="1.595"/>
  <testcase name="Given User navigates to Digital Bank login page" classname="Scenario: Submitting withdraw without account" time="0"/>
  <testcase name="And Verify that web title is &quot;Digital Bank&quot;" classname="Scenario: Submitting withdraw without account" time="0"/>
  <testcase name="When User logs in with &quot;qa6@gmail.com&quot; and &quot;Passwordvalid45&quot;" classname="Scenario: Submitting withdraw without account" time="0"/>
  <testcase name="Then User successfully logged in to home page" classname="Scenario: Submitting withdraw without account" time="0"/>
  <testcase name="Given User navigates to Withdraw page" classname="Scenario: Submitting withdraw without account" time="0.001"/>
  <testcase name="When User User submits a withdraw with following information" classname="Scenario: Submitting withdraw without account" time="0"/>
  <testcase name="Then Verify field error message &quot;Please select an item in the list.&quot; is displayed" classname="Scenario: Submitting withdraw without account" time="0"/>
  <testcase name="Scenario: Submitting withdraw without account" classname="Scenario: Submitting withdraw without account" time="1.271"/>
  <testcase name="Given User navigates to Digital Bank login page" classname="Scenario: Submitting withdraw without deposit" time="0"/>
  <testcase name="And Verify that web title is &quot;Digital Bank&quot;" classname="Scenario: Submitting withdraw without deposit" time="0"/>
  <testcase name="When User logs in with &quot;qa6@gmail.com&quot; and &quot;Passwordvalid45&quot;" classname="Scenario: Submitting withdraw without deposit" time="0"/>
  <testcase name="Then User successfully logged in to home page" classname="Scenario: Submitting withdraw without deposit" time="0"/>
  <testcase name="Given User navigates to Withdraw page" classname="Scenario: Submitting withdraw without deposit" time="0"/>
  <testcase name="When User User submits a withdraw with following information" classname="Scenario: Submitting withdraw without deposit" time="0"/>
  <testcase name="Then Verify field error message &quot;Please fill out this field.&quot; is displayed" classname="Scenario: Submitting withdraw without deposit" time="0"/>
  <testcase name="Scenario: Submitting withdraw without deposit" classname="Scenario: Submitting withdraw without deposit" time="1.241"/>
  <testcase name="Given User navigates to Digital Bank login page" classname="Scenario: Submitting withdraw with zero deposit amount" time="0"/>
  <testcase name="And Verify that web title is &quot;Digital Bank&quot;" classname="Scenario: Submitting withdraw with zero deposit amount" time="0"/>
  <testcase name="When User logs in with &quot;qa6@gmail.com&quot; and &quot;Passwordvalid45&quot;" classname="Scenario: Submitting withdraw with zero deposit amount" time="0"/>
  <testcase name="Then User successfully logged in to home page" classname="Scenario: Submitting withdraw with zero deposit amount" time="0"/>
  <testcase name="Given User navigates to Withdraw page" classname="Scenario: Submitting withdraw with zero deposit amount" time="0"/>
  <testcase name="When User User submits a withdraw with following information" classname="Scenario: Submitting withdraw with zero deposit amount" time="0"/>
  <testcase name="Then Verify alert error message &quot;Error The withdraw amount ($0.00) must be greater than $0.00&quot; is displayed" classname="Scenario: Submitting withdraw with zero deposit amount" time="0"/>
  <testcase name="Scenario: Submitting withdraw with zero deposit amount" classname="Scenario: Submitting withdraw with zero deposit amount" time="1.135"/>
  <testcase name="Given User navigates to Digital Bank login page" classname="Scenario: Submitting valid withdraw" time="0"/>
  <testcase name="And Verify that web title is &quot;Digital Bank&quot;" classname="Scenario: Submitting valid withdraw" time="0"/>
  <testcase name="When User logs in with &quot;qa6@gmail.com&quot; and &quot;Passwordvalid45&quot;" classname="Scenario: Submitting valid withdraw" time="0"/>
  <testcase name="Then User successfully logged in to home page" classname="Scenario: Submitting valid withdraw" time="0"/>
  <testcase name="Given User navigates to Withdraw page" classname="Scenario: Submitting valid withdraw" time="0"/>
  <testcase name="And User selects withdraw account as &quot;Money Market (Standard Checking)&quot;" classname="Scenario: Submitting valid withdraw" time="0"/>
  <testcase name="When User submits a withdraw with &quot;20&quot; amount" classname="Scenario: Submitting valid withdraw" time="0"/>
  <testcase name="Then Verify that withdraw amount has been applied" classname="Scenario: Submitting valid withdraw" time="0"/>
  <testcase name="Scenario: Submitting valid withdraw" classname="Scenario: Submitting valid withdraw" time="1.213"/>
</testsuite>